<?xml version="1.0" encoding="UTF-8"?>
<testng-results ignored="0" total="2" passed="2" failed="0" skipped="0">
  <reporter-output>
  </reporter-output>
  <suite started-at="2023-10-21T08:47:17 IST" name="Default suite" finished-at="2023-10-21T08:47:47 IST" duration-ms="29493">
    <groups>
    </groups>
    <test started-at="2023-10-21T08:47:17 IST" name="Default test" finished-at="2023-10-21T08:47:47 IST" duration-ms="29493">
      <class name="loanpred.register">
        <test-method is-config="true" signature="launchBrowser()[pri:0, instance:loanpred.register@66498326]" started-at="2023-10-21T08:47:17 IST" name="launchBrowser" finished-at="2023-10-21T08:47:33 IST" duration-ms="15835" status="PASS">
          <reporter-output>
          </reporter-output>
        </test-method> <!-- launchBrowser -->
        <test-method signature="ValidReg()[pri:1, instance:loanpred.register@66498326]" started-at="2023-10-21T08:47:33 IST" name="ValidReg" finished-at="2023-10-21T08:47:41 IST" duration-ms="8142" status="PASS">
          <reporter-output>
          </reporter-output>
        </test-method> <!-- ValidReg -->
        <test-method signature="ValidLogin()[pri:2, instance:loanpred.register@66498326]" started-at="2023-10-21T08:47:41 IST" name="ValidLogin" finished-at="2023-10-21T08:47:47 IST" duration-ms="5456" status="PASS">
          <reporter-output>
          </reporter-output>
        </test-method> <!-- ValidLogin -->
      </class> <!-- loanpred.register -->
    </test> <!-- Default test -->
  </suite> <!-- Default suite -->
</testng-results>
